<?xml version="1.0" encoding="UTF-8"?>
<!-- Generated by org.testng.reporters.JUnitReportReporter -->
<testsuite skipped="0" hostname="ECOWS-171" name="AllTests.MyTest" tests="3" failures="0" timestamp="27 Dec 2019 07:19:04 GMT" time="96.287" errors="0">
  <testcase name="Take" time="33.655" classname="AllTests.MyTest"/>
  <testcase name="Take" time="33.259" classname="AllTests.MyTest"/>
  <testcase name="Take" time="29.373" classname="AllTests.MyTest"/>
</testsuite> <!-- AllTests.MyTest -->
